make all --print-data-base --no-builtin-variables --no-builtin-rules --question
# GNU Make 3.81
# Copyright (C) 2006  Free Software Foundation, Inc.
# This is free software; see the source for copying conditions.
# There is NO warranty; not even for MERCHANTABILITY or FITNESS FOR A
# PARTICULAR PURPOSE.

# This program built for i386-apple-darwin11.3.0
 

# Make data base, printed on Sun Jul 10 11:26:41 2022

# Variables

# automatic
<D = $(patsubst %/,%,$(dir $<))
# automatic
?F = $(notdir $?)
# environment
ELECTRON_NO_ATTACH_CONSOLE = 1
# environment
VSCODE_LOG_NATIVE = false
# automatic
 
?D = $(patsubst %/,%,$(dir $?))
# automatic
@D = $(patsubst %/,%,$(dir $@))
# automatic
@F = $(notdir $@)
# makefile
CURDIR := /Users/kohei.watanabe/codes/littlewat/foo-controller-kubebuilder
# makefile (from `Makefile', line 17)
SHELL = /usr/bin/env bash -o pipefail
# environment
VSCODE_NLS_CONFIG = {"locale":"ja","availableLanguages":{"*":"ja"},"_languagePackId":"3cd3bd15e30fa0124a3f232cbca66525.ja","_translationsConfigFile":"/Users/kohei.watanabe/Library/Application Support/Code/clp/3cd3bd15e30fa0124a3f232cbca66525.ja/tcf.json","_cacheRoot":"/Users/kohei.watanabe/Library/Application Support/Code/clp/3cd3bd15e30fa0124a3f232cbca66525.ja","_resolvedLanguagePackCoreLocation":"/Users/kohei.watanabe/Library/Application Support/Code/clp/3cd3bd15e30fa0124a3f232cbca66525.ja/30d9c6cd9483b2cc586687151bcbcd635f373630","_corruptedFile":"/Users/kohei.watanabe/Library/Application Support/Code/clp/3cd3bd15e30fa0124a3f232cbca66525.ja/corrupted.info","_languagePackSupport":true}
# environment
_ = /usr/bin/make
# makefile (from `Makefile', line 106)
LOCALBIN = $(shell pwd)/bin
# makefile (from `Makefile', line 1)
MAKEFILE_LIST :=  Makefile
# environment
VSCODE_AMD_ENTRYPOINT = vs/workbench/api/node/extensionHostProcess
# environment
VSCODE_VERBOSE_LOGGING = true
# environment
ACK_GINKGO_DEPRECATIONS = 1.16.5
# environment
__CFBundleIdentifier = com.microsoft.VSCode
# environment
INFOPATH = /opt/homebrew/share/info:
# environment
VSCODE_IPC_HOOK_EXTHOST = /var/folders/c_/2bnw2zyd56zbt4wdhr6qj3b00000gq/T/vscode-ipc-d65b86fe-a8e9-4b77-89be-d6b1e3d67ab2.sock
# environment
VSCODE_CWD = /Users/kohei.watanabe/codes/littlewat/foo-controller-kubebuilder
# environment
GOPROXY = https://proxy.golang.org,direct
# environment
PATH = /Users/kohei.watanabe/go/bin:/Users/kohei.watanabe/.pyenv/shims:/Users/kohei.watanabe/.pyenv/bin:/opt/homebrew/bin:/opt/homebrew/sbin:/usr/local/bin:/usr/bin:/bin:/usr/sbin:/sbin:/usr/local/go/bin
# makefile (from `Makefile', line 119)
KUSTOMIZE_INSTALL_SCRIPT = "https://raw.githubusercontent.com/kubernetes-sigs/kustomize/master/hack/install_kustomize.sh"
# environment
LSCOLORS = Gxfxcxdxbxegedabagacad
# environment
GOPATH = /Users/kohei.watanabe/go
# environment
LaunchInstanceID = 3E8DABE0-9DC2-4942-8242-3B09E4FCE1CA
# environment
VSCODE_LOG_STACK = false
# environment
ELECTRON_RUN_AS_NODE = 1
# environment
PYENV_ROOT = /Users/kohei.watanabe/.pyenv
# default
.FEATURES := target-specific order-only second-expansion else-if archives jobserver check-symlink
# makefile (from `Makefile', line 112)
CONTROLLER_GEN = $(LOCALBIN)/controller-gen
# environment
SSH_AUTH_SOCK = /private/tmp/com.apple.launchd.0e0Tk9IAdC/Listeners
# automatic
%F = $(notdir $%)
# makefile (from `Makefile', line 9)
GOBIN = $(shell go env GOPATH)/bin
# environment
VSCODE_PIPE_LOGGING = true
# environment
PWD = /Users/kohei.watanabe/codes/littlewat/foo-controller-kubebuilder
# environment
HOMEBREW_CELLAR = /opt/homebrew/Cellar
# environment
ORIGINAL_XDG_CURRENT_DESKTOP = undefined
# environment
MANPATH = /opt/homebrew/share/man::
# environment
GOMODCACHE = /Users/kohei.watanabe/go/pkg/mod
# environment
PYENV_SHELL = zsh
# environment
HOME = /Users/kohei.watanabe
# default
MAKEFILEPATH = $(shell /usr/bin/xcode-select -print-path 2>/dev/null || echo /Developer)/Makefiles
# environment
VSCODE_CLI = 1
# environment
VSCODE_CODE_CACHE_PATH = /Users/kohei.watanabe/Library/Application Support/Code/CachedData/30d9c6cd9483b2cc586687151bcbcd635f373630
# environment
LOGNAME = kohei.watanabe
# environment
APPLICATION_INSIGHTS_NO_DIAGNOSTIC_CHANNEL = 1
# environment
ZSH = /Users/kohei.watanabe/.oh-my-zsh
# environment
VSCODE_HANDLES_UNCAUGHT_ERRORS = true
# automatic
^D = $(patsubst %/,%,$(dir $^))
# environment
XPC_FLAGS = 0x0
# environment
COLORTERM = truecolor
# default
MAKE = $(MAKE_COMMAND)
# environment
LC_TERMINAL = iTerm2
# environment
SHLVL = 3
# default
MAKE_VERSION := 3.81
# environment
USER = kohei.watanabe
# makefile
.DEFAULT_GOAL := all
# default
MAKECMDGOALS := all
# environment
TERM_SESSION_ID = w0t1p1:32E1FAC8-0FB8-4671-B1D9-04C6D8A301C0
# environment
LESS = -R
# automatic
%D = $(patsubst %/,%,$(dir $%))
# default
MAKE_COMMAND := /Library/Developer/CommandLineTools/usr/bin/make
# makefile (from `Makefile', line 111)
KUSTOMIZE = $(LOCALBIN)/kustomize
# environment
TERM_PROGRAM = iTerm.app
# default
.VARIABLES := 
# environment
TMPDIR = /var/folders/c_/2bnw2zyd56zbt4wdhr6qj3b00000gq/T/
# automatic
*F = $(notdir $*)
# makefile (from `Makefile', line 3)
IMG = controller:latest
# environment
VSCODE_IPC_HOOK = /Users/kohei.watanabe/Library/Application Support/Code/1.68.1-main.sock
# makefile (from `Makefile', line 117)
CONTROLLER_TOOLS_VERSION = v0.9.0
# makefile (from `Makefile', line 116)
KUSTOMIZE_VERSION = v3.8.7
# makefile
MAKEFLAGS = Rrqp
# environment
MFLAGS = -Rrqp
# automatic
*D = $(patsubst %/,%,$(dir $*))
# environment
TERM_PROGRAM_VERSION = 3.4.16
# makefile (from `Makefile', line 18)
.SHELLFLAGS = -ec
# environment
XPC_SERVICE_NAME = application.com.microsoft.VSCode.918322.918328.3ED716FE-3E42-4256-917F-D33766FC479E
# environment
LC_TERMINAL_VERSION = 3.4.16
# environment
HOMEBREW_PREFIX = /opt/homebrew
# automatic
+D = $(patsubst %/,%,$(dir $+))
# automatic
+F = $(notdir $+)
# makefile (from `Makefile', line 113)
ENVTEST = $(LOCALBIN)/setup-envtest
# environment
ITERM_SESSION_ID = w0t1p1:32E1FAC8-0FB8-4671-B1D9-04C6D8A301C0
# environment
HOMEBREW_REPOSITORY = /opt/homebrew
# environment
COLORFGBG = 7;0
# environment
__CF_USER_TEXT_ENCODING = 0x1F7:0x1:0xE
# environment
COMMAND_MODE = unix2003
# default
MAKEFILES := 
# automatic
<F = $(notdir $<)
# environment
ITERM_PROFILE = Default
# environment
PAGER = less
# environment
LC_ALL = C
# environment
SECURITYSESSIONID = 186b1
# automatic
^F = $(notdir $^)
# default
SUFFIXES := 
# environment
MAKELEVEL := 0
# makefile (from `Makefile', line 83)
ignore-not-found = false
# environment
LANG = C
# environment
TERM = xterm-256color
# makefile (from `Makefile', line 5)
ENVTEST_K8S_VERSION = 1.24.1
# environment
VSCODE_PID = 1203
# variable set hash-table stats:
# Load=102/1024=10%, Rehash=0, Collisions=10/178=6%

# Pattern-specific Variable Values

# No pattern-specific variable values.

# Directories

# . (device 16777231, inode 2654577): 14 files, no impossibilities.

# 14 files, no impossibilities in 1 directories.

# Implicit Rules

# No implicit rules.

# Files

/Users/kohei.watanabe/codes/littlewat/foo-controller-kubebuilder/bin/kustomize: /Users/kohei.watanabe/codes/littlewat/foo-controller-kubebuilder/bin
#  Implicit rule search has not been done.
#  Modification time never checked.
#  File has not been updated.
#  commands to execute (from `Makefile', line 123):
	curl -s $(KUSTOMIZE_INSTALL_SCRIPT) | bash -s -- $(subst v,,$(KUSTOMIZE_VERSION)) $(LOCALBIN)
	

envtest: /Users/kohei.watanabe/codes/littlewat/foo-controller-kubebuilder/bin/setup-envtest
#  Phony target (prerequisite of .PHONY).
#  Implicit rule search has not been done.
#  File does not exist.
#  File has not been updated.

all: build
#  Phony target (prerequisite of .PHONY).
#  Command-line target.
#  Implicit rule search has not been done.
#  File does not exist.
#  File has been updated.
#  Needs to be updated (-q is set).
# variable set hash-table stats:
# Load=0/32=0%, Rehash=0, Collisions=0/5=0%

docker-build: test
#  Phony target (prerequisite of .PHONY).
#  Implicit rule search has not been done.
#  File does not exist.
#  File has not been updated.
#  commands to execute (from `Makefile', line 74):
	docker build -t ${IMG} .
	

.PHONY: all help manifests generate fmt vet test build run docker-build docker-push install uninstall deploy undeploy kustomize controller-gen envtest
#  Implicit rule search has not been done.
#  Modification time never checked.
#  File has not been updated.

# Not a target:
.SUFFIXES:
#  Implicit rule search has not been done.
#  Modification time never checked.
#  File has not been updated.

uninstall: manifests kustomize
#  Phony target (prerequisite of .PHONY).
#  Implicit rule search has not been done.
#  File does not exist.
#  File has not been updated.
#  commands to execute (from `Makefile', line 92):
 
	$(KUSTOMIZE) build config/crd | kubectl delete --ignore-not-found=$(ignore-not-found) -f -
	

/Users/kohei.watanabe/codes/littlewat/foo-controller-kubebuilder/bin/setup-envtest: /Users/kohei.watanabe/codes/littlewat/foo-controller-kubebuilder/bin
#  Implicit rule search has not been done.
#  Modification time never checked.
#  File has not been updated.
#  commands to execute (from `Makefile', line 133):
	GOBIN=$(LOCALBIN) go install sigs.k8s.io/controller-runtime/tools/setup-envtest@latest
	

# Not a target:
Makefile:
#  Implicit rule search has been done.
#  Last modified 2022-07-10 11:24:27
#  File has been updated.
#  Successfully updated.
# variable set hash-table stats:
# Load=0/32=0%, Rehash=0, Collisions=0/0=0%

test: manifests generate fmt vet envtest
#  Phony target (prerequisite of .PHONY).
#  Implicit rule search has not been done.
#  File does not exist.
#  File has not been updated.
#  commands to execute (from `Makefile', line 60):
	KUBEBUILDER_ASSETS="$(shell $(ENVTEST) use $(ENVTEST_K8S_VERSION) -p path)" go test ./... -coverprofile cover.out
	

build: generate fmt vet
#  Phony target (prerequisite of .PHONY).
#  Implicit rule search has not been done.
#  File does not exist.
#  File has been updated.
#  Needs to be updated (-q is set).
# variable set hash-table stats:
# Load=0/32=0%, Rehash=0, Collisions=0/5=0%
#  commands to execute (from `Makefile', line 66):
	go build -o bin/manager main.go
	

vet:
#  Phony target (prerequisite of .PHONY).
#  Implicit rule search has not been done.
#  File does not exist.
#  File has not been updated.
#  commands to execute (from `Makefile', line 56):
	go vet ./...
	

help:
#  Phony target (prerequisite of .PHONY).
#  Implicit rule search has not been done.
#  File does not exist.
#  File has not been updated.
#  commands to execute (from `Makefile', line 38):
	@awk 'BEGIN {FS = ":.*##"; printf "\nUsage:\n  make \033[36m<target>\033[0m\n"} /^[a-zA-Z_0-9-]+:.*?##/ { printf "  \033[36m%-15s\033[0m %s\n", $$1, $$2 } /^##@/ { printf "\n\033[1m%s\033[0m\n", substr($$0, 5) } ' $(MAKEFILE_LIST)
	

kustomize: /Users/kohei.watanabe/codes/littlewat/foo-controller-kubebuilder/bin/kustomize
#  Phony target (prerequisite of .PHONY).
#  Implicit rule search has not been done.
#  File does not exist.
#  File has not been updated.

generate: controller-gen
#  Phony target (prerequisite of .PHONY).
#  Implicit rule search has not been done.
#  File does not exist.
#  File has been updated.
#  Needs to be updated (-q is set).
# variable set hash-table stats:
# Load=0/32=0%, Rehash=0, Collisions=0/5=0%
#  commands to execute (from `Makefile', line 48):
	$(CONTROLLER_GEN) object:headerFile="hack/boilerplate.go.txt" paths="./..."
	

undeploy:
#  Phony target (prerequisite of .PHONY).
#  Implicit rule search has not been done.
#  File does not exist.
#  File has not been updated.
#  commands to execute (from `Makefile', line 101):
	$(KUSTOMIZE) build config/default | kubectl delete --ignore-not-found=$(ignore-not-found) -f -
	

manifests: controller-gen
#  Phony target (prerequisite of .PHONY).
#  Implicit rule search has not been done.
#  File does not exist.
#  File has not been updated.
#  commands to execute (from `Makefile', line 44):
	$(CONTROLLER_GEN) rbac:roleName=manager-role crd webhook paths="./..." output:crd:artifacts:config=config/crd/bases
	

# Not a target:
.DEFAULT:
#  Implicit rule search has not been done.
#  Modification time never checked.
#  File has not been updated.

/Users/kohei.watanabe/codes/littlewat/foo-controller-kubebuilder/bin:
#  Implicit rule search has not been done.
#  Implicit/static pattern stem: `'
#  File does not exist.
#  File has been updated.
#  Needs to be updated (-q is set).
# automatic
# @ := /Users/kohei.watanabe/codes/littlewat/foo-controller-kubebuilder/bin
# automatic
# % := 
# automatic
# * := 
# automatic
# + := 
# automatic
# | := 
# automatic
# < := 
# automatic
# ^ := 
# automatic
# ? := 
# variable set hash-table stats:
# Load=8/32=25%, Rehash=0, Collisions=2/13=15%
#  commands to execute (from `Makefile', line 108):
	mkdir -p $(LOCALBIN)
	

run: manifests generate fmt vet
#  Phony target (prerequisite of .PHONY).
#  Implicit rule search has not been done.
#  File does not exist.
#  File has not been updated.
#  commands to execute (from `Makefile', line 70):
	go run ./main.go
	

/Users/kohei.watanabe/codes/littlewat/foo-controller-kubebuilder/bin/controller-gen: /Users/kohei.watanabe/codes/littlewat/foo-controller-kubebuilder/bin
#  Implicit rule search has not been done.
#  File does not exist.
#  File has been updated.
#  Needs to be updated (-q is set).
# variable set hash-table stats:
# Load=0/32=0%, Rehash=0, Collisions=0/5=0%
#  commands to execute (from `Makefile', line 128):
	GOBIN=$(LOCALBIN) go install sigs.k8s.io/controller-tools/cmd/controller-gen@$(CONTROLLER_TOOLS_VERSION)
	

fmt:
#  Phony target (prerequisite of .PHONY).
#  Implicit rule search has not been done.
#  File does not exist.
#  File has not been updated.
#  commands to execute (from `Makefile', line 52):
	go fmt ./...
	

deploy: manifests kustomize
#  Phony target (prerequisite of .PHONY).
#  Implicit rule search has not been done.
#  File does not exist.
#  File has not been updated.
#  commands to execute (from `Makefile', line 96):
	cd config/manager && $(KUSTOMIZE) edit set image controller=${IMG}
	$(KUSTOMIZE) build config/default | kubectl apply -f -
	

controller-gen: /Users/kohei.watanabe/codes/littlewat/foo-controller-kubebuilder/bin/controller-gen
#  Phony target (prerequisite of .PHONY).
#  Implicit rule search has not been done.
#  File does not exist.
#  File has been updated.
#  Needs to be updated (-q is set).
# variable set hash-table stats:
# Load=0/32=0%, Rehash=0, Collisions=0/5=0%

docker-push:
#  Phony target (prerequisite of .PHONY).
#  Implicit rule search has not been done.
#  File does not exist.
#  File has not been updated.
#  commands to execute (from `Makefile', line 78):
	docker push ${IMG}
	

install: manifests kustomize
#  Phony target (prerequisite of .PHONY).
#  Implicit rule search has not been done.
#  File does not exist.
#  File has not been updated.
#  commands to execute (from `Makefile', line 88):
	$(KUSTOMIZE) build config/crd | kubectl apply -f -
	

# files hash-table stats:
# Load=26/1024=3%, Rehash=0, Collisions=2/103=2%
# VPATH Search Paths

# No `vpath' search paths.

# No general (`VPATH' variable) search path.

# # of strings in strcache: 1
# # of strcache buffers: 1
# strcache size: total = 4096 / max = 4096 / min = 4096 / avg = 4096
# strcache free: total = 4087 / max = 4087 / min = 4087 / avg = 4087

# Finished Make data base on Sun Jul 10 11:26:41 2022

 
